<?xml version="1.0" encoding="UTF-8"?>
<!-- Generated by org.testng.reporters.JUnitXMLReporter -->
<testsuite ignored="0" hostname="DESKTOP-1V47T49" failures="1" tests="4" name="Test" time="67.456" errors="0" timestamp="2021-12-30T13:04:18 IST">
  <testcase classname="io.cucumber.testng.AbstractTestNGCucumberTests" name="runScenario" time="16.583"/>
  <testcase classname="io.cucumber.testng.AbstractTestNGCucumberTests" name="runScenario" time="15.737">
    <failure type="java.lang.AssertionError" message="expected [New Bmw 1 Series Under 10000 for Sale ACT | carsguide] but found [New Bmw 1 Series Under 10000 for Sale ACT | carsguidee]">
      <![CDATA[java.lang.AssertionError: expected [New Bmw 1 Series Under 10000 for Sale ACT | carsguide] but found [New Bmw 1 Series Under 10000 for Sale ACT | carsguidee]
at steps.SearchNewCars.the_page_title_should_be_from_the_given_sheetname_and_row_number(SearchNewCars.java:92)
at âœ½.The page title should be from the given sheetname "searchNewCars" and row number 0(file:///K:/Selenium/Projects/Cucumber/src/test/resources/features/SearchNewCars.feature:14)
... Removed 6 stack frames]]>
    </failure>
  </testcase> <!-- runScenario -->
  <testcase classname="io.cucumber.testng.AbstractTestNGCucumberTests" name="runScenario" time="18.664"/>
  <testcase classname="io.cucumber.testng.AbstractTestNGCucumberTests" name="runScenario" time="11.233"/>
</testsuite> <!-- Test -->
