<html>
<head>
<title>TestNG:  Test</title>
<link href="../testng.css" rel="stylesheet" type="text/css" />
<link href="../my-testng.css" rel="stylesheet" type="text/css" />

<style type="text/css">
.log { display: none;} 
.stack-trace { display: none;} 
</style>
<script type="text/javascript">
<!--
function flip(e) {
  current = e.style.display;
  if (current == 'block') {
    e.style.display = 'none';
    return 0;
  }
  else {
    e.style.display = 'block';
    return 1;
  }
}

function toggleBox(szDivId, elem, msg1, msg2)
{
  var res = -1;  if (document.getElementById) {
    res = flip(document.getElementById(szDivId));
  }
  else if (document.all) {
    // this is the way old msie versions work
    res = flip(document.all[szDivId]);
  }
  if(elem) {
    if(res == 0) elem.innerHTML = msg1; else elem.innerHTML = msg2;
  }

}

function toggleAllBoxes() {
  if (document.getElementsByTagName) {
    d = document.getElementsByTagName('div');
    for (i = 0; i < d.length; i++) {
      if (d[i].className == 'log') {
        flip(d[i]);
      }
    }
  }
}

// -->
</script>

</head>
<body>
<h2 align='center'>Test</h2><table border='1' align="center">
<tr>
<td>Tests passed/Failed/Skipped:</td><td>3/1/0</td>
</tr><tr>
<td>Started on:</td><td>Thu Dec 30 13:03:10 IST 2021</td>
</tr>
<tr><td>Total time:</td><td>67 seconds (67456 ms)</td>
</tr><tr>
<td>Included groups:</td><td></td>
</tr><tr>
<td>Excluded groups:</td><td></td>
</tr>
</table><p/>
<small><i>(Hover the method name to see the test class name)</i></small><p/>
<table width='100%' border='1' class='invocation-failed'>
<tr><td colspan='4' align='center'><b>FAILED TESTS</b></td></tr>
<tr><td><b>Test method</b></td>
<td width="30%"><b>Exception</b></td>
<td width="10%"><b>Time (seconds)</b></td>
<td><b>Instance</b></td>
</tr>
<tr>
<td title='runner.RunCuke.runScenario()'><b>runScenario</b><br>Test class: runner.RunCuke<br>Test method: Runs Cucumber Scenarios<br>Parameters: "Searching for new car with excel data", "Optional[Searching for new cars]"</td>
<td><div><pre>java.lang.AssertionError: expected [New Bmw 1 Series Under 10000 for Sale ACT | carsguide] but found [New Bmw 1 Series Under 10000 for Sale ACT | carsguidee]
	at steps.SearchNewCars.the_page_title_should_be_from_the_given_sheetname_and_row_number(SearchNewCars.java:92)
	at ?.The page title should be from the given sheetname &quot;searchNewCars&quot; and row number 0(file:///K:/Selenium/Projects/Cucumber/src/test/resources/features/SearchNewCars.feature:14)
... Removed 6 stack frames</pre></div><a href='#' onClick='toggleBox("stack-trace1096259059", this, "Click to show all stack frames", "Click to hide stack frames")'>Click to show all stack frames</a>
<div class='stack-trace' id='stack-trace1096259059'><pre>java.lang.AssertionError: expected [New Bmw 1 Series Under 10000 for Sale ACT | carsguide] but found [New Bmw 1 Series Under 10000 for Sale ACT | carsguidee]
	at org.testng.Assert.fail(Assert.java:99)
	at org.testng.Assert.failNotEquals(Assert.java:1037)
	at org.testng.Assert.assertEqualsImpl(Assert.java:140)
	at org.testng.Assert.assertEquals(Assert.java:122)
	at org.testng.Assert.assertEquals(Assert.java:629)
	at org.testng.Assert.assertEquals(Assert.java:639)
	at steps.SearchNewCars.the_page_title_should_be_from_the_given_sheetname_and_row_number(SearchNewCars.java:92)
	at ?.The page title should be from the given sheetname &quot;searchNewCars&quot; and row number 0(file:///K:/Selenium/Projects/Cucumber/src/test/resources/features/SearchNewCars.feature:14)
</pre></div></td>
<td>15</td>
<td>runner.RunCuke@6646153</td></tr>
</table><p>
<table width='100%' border='1' class='invocation-passed'>
<tr><td colspan='4' align='center'><b>PASSED TESTS</b></td></tr>
<tr><td><b>Test method</b></td>
<td width="30%"><b>Exception</b></td>
<td width="10%"><b>Time (seconds)</b></td>
<td><b>Instance</b></td>
</tr>
<tr>
<td title='runner.RunCuke.runScenario()'><b>runScenario</b><br>Test class: runner.RunCuke<br>Test method: Runs Cucumber Scenarios<br>Parameters: "Searching for new car with excel data", "Optional[Searching for new cars]"</td>
<td></td>
<td>18</td>
<td>runner.RunCuke@6646153</td></tr>
<tr>
<td title='runner.RunCuke.runScenario()'><b>runScenario</b><br>Test class: runner.RunCuke<br>Test method: Runs Cucumber Scenarios<br>Parameters: "Validate Search Cars Page", "Optional[Acceptance testing to validate search used cars page is working fine]"</td>
<td></td>
<td>11</td>
<td>runner.RunCuke@6646153</td></tr>
<tr>
<td title='runner.RunCuke.runScenario()'><b>runScenario</b><br>Test class: runner.RunCuke<br>Test method: Runs Cucumber Scenarios<br>Parameters: "Validate Search Cars Page", "Optional[Acceptance testing to validate search cars page is working fine]"</td>
<td></td>
<td>16</td>
<td>runner.RunCuke@6646153</td></tr>
</table><p>
</body>
</html>