<?xml version="1.0" encoding="UTF-8"?>
<!-- Generated by org.testng.reporters.JUnitReportReporter -->
<testsuite hostname="DESKTOP-1V47T49" failures="1" tests="4" name="runner.RunCuke" time="62.217" errors="0" timestamp="2021-12-30T13:04:18 IST" skipped="0">
  <testcase classname="runner.RunCuke" name="runScenario" time="18.664"/>
  <system-out/>
  <testcase classname="runner.RunCuke" name="runScenario" time="11.233"/>
  <system-out/>
  <testcase classname="runner.RunCuke" name="runScenario" time="15.737">
    <failure message="expected [New Bmw 1 Series Under 10000 for Sale ACT | carsguide] but found [New Bmw 1 Series Under 10000 for Sale ACT | carsguidee]" type="java.lang.AssertionError">
      <![CDATA[java.lang.AssertionError: expected [New Bmw 1 Series Under 10000 for Sale ACT | carsguide] but found [New Bmw 1 Series Under 10000 for Sale ACT | carsguidee]
at org.testng.Assert.fail(Assert.java:99)
at org.testng.Assert.failNotEquals(Assert.java:1037)
at org.testng.Assert.assertEqualsImpl(Assert.java:140)
at org.testng.Assert.assertEquals(Assert.java:122)
at org.testng.Assert.assertEquals(Assert.java:629)
at org.testng.Assert.assertEquals(Assert.java:639)
at steps.SearchNewCars.the_page_title_should_be_from_the_given_sheetname_and_row_number(SearchNewCars.java:92)
at âœ½.The page title should be from the given sheetname "searchNewCars" and row number 0(file:///K:/Selenium/Projects/Cucumber/src/test/resources/features/SearchNewCars.feature:14)
]]>
    </failure>
  </testcase> <!-- runScenario -->
  <system-out/>
  <testcase classname="runner.RunCuke" name="runScenario" time="16.583"/>
  <system-out/>
</testsuite> <!-- runner.RunCuke -->
